Flow report for P_O
Tue Sep 08 23:13:53 2020
Quartus II Version 9.0 Build 132 02/25/2009 SJ Full Version


---------------------
; Table of Contents ;
---------------------
  1. Legal Notice
  2. Flow Summary
  3. Flow Settings
  4. Flow Non-Default Global Settings
  5. Flow Elapsed Time
  6. Flow OS Summary
  7. Flow Log



----------------
; Legal Notice ;
----------------
Copyright (C) 1991-2009 Altera Corporation
Your use of Altera Corporation's design tools, logic functions 
and other software and tools, and its AMPP partner logic 
functions, and any output files from any of the foregoing 
(including device programming or simulation files), and any 
associated documentation or information are expressly subject 
to the terms and conditions of the Altera Program License 
Subscription Agreement, Altera MegaCore Function License 
Agreement, or other applicable license agreement, including, 
without limitation, that your use is for the sole purpose of 
programming logic devices manufactured by Altera and sold by 
Altera or its authorized distributors.  Please refer to the 
applicable agreement for further details.



+-------------------------------------------------------------------------------+
; Flow Summary                                                                  ;
+------------------------------------+------------------------------------------+
; Flow Status                        ; Successful - Tue Sep 08 23:13:52 2020    ;
; Quartus II Version                 ; 9.0 Build 132 02/25/2009 SJ Full Version ;
; Revision Name                      ; P_O                                      ;
; Top-level Entity Name              ; P_O                                      ;
; Family                             ; Cyclone II                               ;
; Device                             ; EP2C70F896C6                             ;
; Timing Models                      ; Final                                    ;
; Met timing requirements            ; No                                       ;
; Total logic elements               ; 145 / 68,416 ( < 1 % )                   ;
;     Total combinational functions  ; 114 / 68,416 ( < 1 % )                   ;
;     Dedicated logic registers      ; 75 / 68,416 ( < 1 % )                    ;
; Total registers                    ; 75                                       ;
; Total pins                         ; 67 / 622 ( 11 % )                        ;
; Total virtual pins                 ; 0                                        ;
; Total memory bits                  ; 0 / 1,152,000 ( 0 % )                    ;
; Embedded Multiplier 9-bit elements ; 0 / 300 ( 0 % )                          ;
; Total PLLs                         ; 0 / 4 ( 0 % )                            ;
+------------------------------------+------------------------------------------+


+-----------------------------------------+
; Flow Settings                           ;
+-------------------+---------------------+
; Option            ; Setting             ;
+-------------------+---------------------+
; Start date & time ; 09/08/2020 23:13:26 ;
; Main task         ; Compilation         ;
; Revision Name     ; P_O                 ;
+-------------------+---------------------+


+---------------------------------------------------------------------------------------------------------------------+
; Flow Non-Default Global Settings                                                                                    ;
+------------------------------------+---------------------------------+---------------+-------------+----------------+
; Assignment Name                    ; Value                           ; Default Value ; Entity Name ; Section Id     ;
+------------------------------------+---------------------------------+---------------+-------------+----------------+
; COMPILER_SIGNATURE_ID              ; 167304647815889.159960320510376 ; --            ; --          ; --             ;
; MAX_CORE_JUNCTION_TEMP             ; 85                              ; --            ; --          ; --             ;
; MIN_CORE_JUNCTION_TEMP             ; 0                               ; --            ; --          ; --             ;
; PARTITION_COLOR                    ; 16764057                        ; --            ; --          ; Top            ;
; PARTITION_NETLIST_TYPE             ; SOURCE                          ; --            ; --          ; Top            ;
; USE_GENERATED_PHYSICAL_CONSTRAINTS ; Off                             ; --            ; --          ; eda_blast_fpga ;
+------------------------------------+---------------------------------+---------------+-------------+----------------+


+-----------------------------------------------------------------------------------------------------------------------------+
; Flow Elapsed Time                                                                                                           ;
+-------------------------+--------------+-------------------------+---------------------+------------------------------------+
; Module Name             ; Elapsed Time ; Average Processors Used ; Peak Virtual Memory ; Total CPU Time (on all processors) ;
+-------------------------+--------------+-------------------------+---------------------+------------------------------------+
; Analysis & Synthesis    ; 00:00:05     ; 1.0                     ; 256 MB              ; 00:00:02                           ;
; Fitter                  ; 00:00:11     ; 1.0                     ; 400 MB              ; 00:00:09                           ;
; Assembler               ; 00:00:06     ; 1.0                     ; 356 MB              ; 00:00:05                           ;
; Classic Timing Analyzer ; 00:00:00     ; 1.0                     ; 191 MB              ; 00:00:00                           ;
; Total                   ; 00:00:22     ; --                      ; --                  ; 00:00:16                           ;
+-------------------------+--------------+-------------------------+---------------------+------------------------------------+


+------------------------------------------------------------------------------------------+
; Flow OS Summary                                                                          ;
+-------------------------+------------------+---------------+------------+----------------+
; Module Name             ; Machine Hostname ; OS Name       ; OS Version ; Processor type ;
+-------------------------+------------------+---------------+------------+----------------+
; Analysis & Synthesis    ; DESKTOP-M79ATFT  ; Windows Vista ; 6.2        ; x86_64         ;
; Fitter                  ; DESKTOP-M79ATFT  ; Windows Vista ; 6.2        ; x86_64         ;
; Assembler               ; DESKTOP-M79ATFT  ; Windows Vista ; 6.2        ; x86_64         ;
; Classic Timing Analyzer ; DESKTOP-M79ATFT  ; Windows Vista ; 6.2        ; x86_64         ;
+-------------------------+------------------+---------------+------------+----------------+


------------
; Flow Log ;
------------
quartus_map --read_settings_files=on --write_settings_files=off P_O -c P_O
quartus_fit --read_settings_files=off --write_settings_files=off P_O -c P_O
quartus_asm --read_settings_files=off --write_settings_files=off P_O -c P_O
quartus_tan --read_settings_files=off --write_settings_files=off P_O -c P_O --timing_analysis_only



